<?xml version="1.0" encoding="UTF-8"?>
<robot generator="Robot 4.1 (Python 3.9.5 on win32)" generated="20220224 08:24:50.038" rpa="true" schemaversion="2">
<suite id="s1" name="Tasks" source="D:\workspaceMagic\pythonPro\roboFW\tasks.robot">
<test id="s1-t1" name="Scenario 1">
<kw name="Open a browser">
<kw name="Open Available Browser">
<arg>${BASE_URL}</arg>
<arg>maximized=${TRUE}</arg>
<msg timestamp="20220224 08:24:50.067" level="FAIL">No keyword with name 'Open Available Browser' found.</msg>
<status status="FAIL" starttime="20220224 08:24:50.067" endtime="20220224 08:24:50.067"/>
</kw>
<status status="FAIL" starttime="20220224 08:24:50.066" endtime="20220224 08:24:50.068"/>
</kw>
<kw name="Search by category">
<status status="NOT RUN" starttime="20220224 08:24:50.069" endtime="20220224 08:24:50.069"/>
</kw>
<kw name="Look into cellphones and smartphones page">
<status status="NOT RUN" starttime="20220224 08:24:50.069" endtime="20220224 08:24:50.069"/>
</kw>
<kw name="Check more filters">
<status status="NOT RUN" starttime="20220224 08:24:50.069" endtime="20220224 08:24:50.070"/>
</kw>
<kw name="Select screen size">
<status status="NOT RUN" starttime="20220224 08:24:50.071" endtime="20220224 08:24:50.071"/>
</kw>
<kw name="Select price">
<status status="NOT RUN" starttime="20220224 08:24:50.072" endtime="20220224 08:24:50.072"/>
</kw>
<kw name="Select location">
<status status="NOT RUN" starttime="20220224 08:24:50.072" endtime="20220224 08:24:50.072"/>
</kw>
<kw name="Apply filters and verify tags">
<status status="NOT RUN" starttime="20220224 08:24:50.072" endtime="20220224 08:24:50.073"/>
</kw>
<kw name="Close a browser">
<status status="NOT RUN" starttime="20220224 08:24:50.073" endtime="20220224 08:24:50.073"/>
</kw>
<status status="FAIL" starttime="20220224 08:24:50.066" endtime="20220224 08:24:50.074">No keyword with name 'Open Available Browser' found.</status>
</test>
<test id="s1-t2" name="Scenario 2">
<kw name="Open a browser">
<kw name="Open Available Browser">
<arg>${BASE_URL}</arg>
<arg>maximized=${TRUE}</arg>
<msg timestamp="20220224 08:24:50.078" level="FAIL">No keyword with name 'Open Available Browser' found.</msg>
<status status="FAIL" starttime="20220224 08:24:50.078" endtime="20220224 08:24:50.078"/>
</kw>
<status status="FAIL" starttime="20220224 08:24:50.077" endtime="20220224 08:24:50.078"/>
</kw>
<kw name="Search something">
<status status="NOT RUN" starttime="20220224 08:24:50.079" endtime="20220224 08:24:50.079"/>
</kw>
<status status="FAIL" starttime="20220224 08:24:50.076" endtime="20220224 08:24:50.079">No keyword with name 'Open Available Browser' found.</status>
</test>
<doc>Automation script for exercise 1.</doc>
<status status="FAIL" starttime="20220224 08:24:50.038" endtime="20220224 08:24:50.081"/>
</suite>
<statistics>
<total>
<stat pass="0" fail="2" skip="0">All Tasks</stat>
</total>
<tag>
</tag>
<suite>
<stat pass="0" fail="2" skip="0" id="s1" name="Tasks">Tasks</stat>
</suite>
</statistics>
<errors>
<msg timestamp="20220224 08:24:50.053" level="ERROR">Error in file 'D:\workspaceMagic\pythonPro\roboFW\tasks.robot' on line 3: Importing library 'RPA.Browser.Selenium' failed: ModuleNotFoundError: No module named 'RPA'
Traceback (most recent call last):
  None
PYTHONPATH:
  C:\Users\kikis\AppData\Local\Programs\Python\Python39\Scripts\robot.exe
  c:\users\kikis\appdata\local\programs\python\python39\python39.zip
  c:\users\kikis\appdata\local\programs\python\python39\DLLs
  c:\users\kikis\appdata\local\programs\python\python39\lib
  c:\users\kikis\appdata\local\programs\python\python39
  c:\users\kikis\appdata\local\programs\python\python39\lib\site-packages</msg>
</errors>
</robot>
